<?xml version="1.0" encoding="UTF-8"?>
<!-- Generated by org.testng.reporters.JUnitXMLReporter -->
<testsuite ignored="0" hostname="LAPTOP-AGTQ7HI2" failures="0" tests="2" name="Default test" time="117.312" errors="0" timestamp="2022-12-19T22:13:37 EST">
  <testcase classname="NeoStoxTeseCses.ValidateNeoStoxUserNameAndBalance" name="ValidateUserName" time="0.495"/>
  <testcase classname="NeoStoxTeseCses.ValidateNeoStoxUserNameAndBalance" name="checkBalance" time="0.06"/>
</testsuite> <!-- Default test -->
